<?xml version="1.0" encoding="UTF-8"?>
<!-- Generated by org.testng.reporters.JUnitXMLReporter -->
<testsuite hostname="TESTING-07" name="Default test" tests="41" failures="0" timestamp="15 Nov 2018 09:12:47 GMT" time="3.931" errors="0">
  <testcase name="@BeforeTest Setup" time="0.0" classname="testsuite.Anniversary_Suite">
    <failure type="java.lang.ExceptionInInitializerError">
      <![CDATA[java.lang.ExceptionInInitializerError
	at implementations.ReusableMethodsImplementation.breforeTest_PreRequesite_PostBrowserLaunch(ReusableMethodsImplementation.java:63)
	at testsuite.Anniversary_Suite.Setup(Anniversary_Suite.java:51)
	at sun.reflect.NativeMethodAccessorImpl.invoke0(Native Method)
	at sun.reflect.NativeMethodAccessorImpl.invoke(NativeMethodAccessorImpl.java:62)
	at sun.reflect.DelegatingMethodAccessorImpl.invoke(DelegatingMethodAccessorImpl.java:43)
	at java.lang.reflect.Method.invoke(Method.java:498)
	at org.testng.internal.MethodInvocationHelper.invokeMethod(MethodInvocationHelper.java:86)
	at org.testng.internal.Invoker.invokeConfigurationMethod(Invoker.java:514)
	at org.testng.internal.Invoker.invokeConfigurations(Invoker.java:215)
	at org.testng.internal.Invoker.invokeConfigurations(Invoker.java:142)
	at org.testng.TestRunner.beforeRun(TestRunner.java:656)
	at org.testng.TestRunner.run(TestRunner.java:624)
	at org.testng.SuiteRunner.runTest(SuiteRunner.java:366)
	at org.testng.SuiteRunner.runSequentially(SuiteRunner.java:361)
	at org.testng.SuiteRunner.privateRun(SuiteRunner.java:319)
	at org.testng.SuiteRunner.run(SuiteRunner.java:268)
	at org.testng.SuiteRunnerWorker.runSuite(SuiteRunnerWorker.java:52)
	at org.testng.SuiteRunnerWorker.run(SuiteRunnerWorker.java:86)
	at org.testng.TestNG.runSuitesSequentially(TestNG.java:1244)
	at org.testng.TestNG.runSuitesLocally(TestNG.java:1169)
	at org.testng.TestNG.run(TestNG.java:1064)
	at org.testng.remote.AbstractRemoteTestNG.run(AbstractRemoteTestNG.java:114)
	at org.testng.remote.RemoteTestNG.initAndRun(RemoteTestNG.java:251)
	at org.testng.remote.RemoteTestNG.main(RemoteTestNG.java:77)
Caused by: java.lang.NullPointerException
	at com.google.common.base.Preconditions.checkNotNull(Preconditions.java:787)
	at org.openqa.selenium.support.ui.FluentWait.<init>(FluentWait.java:96)
	at org.openqa.selenium.support.ui.WebDriverWait.<init>(WebDriverWait.java:72)
	at org.openqa.selenium.support.ui.WebDriverWait.<init>(WebDriverWait.java:46)
	at implementations.TestWebDriverMethodImplementations.<clinit>(TestWebDriverMethodImplementations.java:33)
	... 24 more
]]>
    </failure>
  </testcase> <!-- @BeforeTest Setup -->
  <testcase name="@AfterTest tearDown" time="0.0" classname="testsuite.Anniversary_Suite">
    <skipped/>
  </testcase> <!-- @AfterTest tearDown -->
  <testcase name="FNP_Anniversary002" time="0.001" classname="testsuite.Anniversary_Suite">
    <skipped/>
  </testcase> <!-- FNP_Anniversary002 -->
  <testcase name="FNP_Anniversary_003" time="0.001" classname="testsuite.Anniversary_Suite">
    <skipped/>
  </testcase> <!-- FNP_Anniversary_003 -->
  <testcase name="FNP_Anniversary_004" time="0.001" classname="testsuite.Anniversary_Suite">
    <skipped/>
  </testcase> <!-- FNP_Anniversary_004 -->
  <testcase name="FNP_Anniversary_005" time="0.001" classname="testsuite.Anniversary_Suite">
    <skipped/>
  </testcase> <!-- FNP_Anniversary_005 -->
  <testcase name="FNP_Anniversary_006" time="0.0" classname="testsuite.Anniversary_Suite">
    <skipped/>
  </testcase> <!-- FNP_Anniversary_006 -->
  <testcase name="FNP_Anniversary_007" time="0.0" classname="testsuite.Anniversary_Suite">
    <skipped/>
  </testcase> <!-- FNP_Anniversary_007 -->
  <testcase name="FNP_Anniversary_008" time="0.001" classname="testsuite.Anniversary_Suite">
    <skipped/>
  </testcase> <!-- FNP_Anniversary_008 -->
  <testcase name="FNP_Anniversary_009" time="0.001" classname="testsuite.Anniversary_Suite">
    <skipped/>
  </testcase> <!-- FNP_Anniversary_009 -->
  <testcase name="FNP_Anniversary_010" time="0.0" classname="testsuite.Anniversary_Suite">
    <skipped/>
  </testcase> <!-- FNP_Anniversary_010 -->
  <testcase name="FNP_Anniversary_011" time="0.001" classname="testsuite.Anniversary_Suite">
    <skipped/>
  </testcase> <!-- FNP_Anniversary_011 -->
  <testcase name="FNP_Anniversary_012" time="0.001" classname="testsuite.Anniversary_Suite">
    <skipped/>
  </testcase> <!-- FNP_Anniversary_012 -->
  <testcase name="FNP_Anniversary_013" time="0.001" classname="testsuite.Anniversary_Suite">
    <skipped/>
  </testcase> <!-- FNP_Anniversary_013 -->
  <testcase name="FNP_Anniversary_014" time="0.001" classname="testsuite.Anniversary_Suite">
    <skipped/>
  </testcase> <!-- FNP_Anniversary_014 -->
  <testcase name="FNP_Anniversary_015" time="0.001" classname="testsuite.Anniversary_Suite">
    <skipped/>
  </testcase> <!-- FNP_Anniversary_015 -->
  <testcase name="FNP_Anniversary_016" time="0.001" classname="testsuite.Anniversary_Suite">
    <skipped/>
  </testcase> <!-- FNP_Anniversary_016 -->
  <testcase name="FNP_Anniversary_017" time="0.001" classname="testsuite.Anniversary_Suite">
    <skipped/>
  </testcase> <!-- FNP_Anniversary_017 -->
  <testcase name="FNP_Anniversary_018" time="0.001" classname="testsuite.Anniversary_Suite">
    <skipped/>
  </testcase> <!-- FNP_Anniversary_018 -->
  <testcase name="FNP_Anniversary_019" time="0.001" classname="testsuite.Anniversary_Suite">
    <skipped/>
  </testcase> <!-- FNP_Anniversary_019 -->
  <testcase name="FNP_Anniversary_020" time="0.001" classname="testsuite.Anniversary_Suite">
    <skipped/>
  </testcase> <!-- FNP_Anniversary_020 -->
  <testcase name="FNP_Anniversary_021" time="0.0" classname="testsuite.Anniversary_Suite">
    <skipped/>
  </testcase> <!-- FNP_Anniversary_021 -->
  <testcase name="FNP_Anniversary_022" time="0.0" classname="testsuite.Anniversary_Suite">
    <skipped/>
  </testcase> <!-- FNP_Anniversary_022 -->
  <testcase name="FNP_Anniversary_023" time="0.001" classname="testsuite.Anniversary_Suite">
    <skipped/>
  </testcase> <!-- FNP_Anniversary_023 -->
  <testcase name="FNP_Anniversary_024" time="0.0" classname="testsuite.Anniversary_Suite">
    <skipped/>
  </testcase> <!-- FNP_Anniversary_024 -->
  <testcase name="FNP_Anniversary_025" time="0.001" classname="testsuite.Anniversary_Suite">
    <skipped/>
  </testcase> <!-- FNP_Anniversary_025 -->
  <testcase name="FNP_Anniversary_026" time="0.001" classname="testsuite.Anniversary_Suite">
    <skipped/>
  </testcase> <!-- FNP_Anniversary_026 -->
  <testcase name="FNP_Anniversary_027" time="0.0" classname="testsuite.Anniversary_Suite">
    <skipped/>
  </testcase> <!-- FNP_Anniversary_027 -->
  <testcase name="FNP_Anniversary_028" time="0.001" classname="testsuite.Anniversary_Suite">
    <skipped/>
  </testcase> <!-- FNP_Anniversary_028 -->
  <testcase name="FNP_Anniversary_029" time="0.0" classname="testsuite.Anniversary_Suite">
    <skipped/>
  </testcase> <!-- FNP_Anniversary_029 -->
  <testcase name="FNP_Anniversary_030" time="0.001" classname="testsuite.Anniversary_Suite">
    <skipped/>
  </testcase> <!-- FNP_Anniversary_030 -->
  <testcase name="FNP_Anniversary_031" time="0.0" classname="testsuite.Anniversary_Suite">
    <skipped/>
  </testcase> <!-- FNP_Anniversary_031 -->
  <testcase name="FNP_Anniversary_032" time="0.0" classname="testsuite.Anniversary_Suite">
    <skipped/>
  </testcase> <!-- FNP_Anniversary_032 -->
  <testcase name="FNP_Anniversary_033" time="0.002" classname="testsuite.Anniversary_Suite">
    <skipped/>
  </testcase> <!-- FNP_Anniversary_033 -->
  <testcase name="FNP_Anniversary_034" time="0.001" classname="testsuite.Anniversary_Suite">
    <skipped/>
  </testcase> <!-- FNP_Anniversary_034 -->
  <testcase name="FNP_Anniversary_035" time="0.001" classname="testsuite.Anniversary_Suite">
    <skipped/>
  </testcase> <!-- FNP_Anniversary_035 -->
  <testcase name="FNP_Anniversary_036" time="0.001" classname="testsuite.Anniversary_Suite">
    <skipped/>
  </testcase> <!-- FNP_Anniversary_036 -->
  <testcase name="FNP_Anniversary_037" time="0.0" classname="testsuite.Anniversary_Suite">
    <skipped/>
  </testcase> <!-- FNP_Anniversary_037 -->
  <testcase name="FNP_Anniversary_038" time="0.001" classname="testsuite.Anniversary_Suite">
    <skipped/>
  </testcase> <!-- FNP_Anniversary_038 -->
  <testcase name="FNP_Anniversary_039" time="0.001" classname="testsuite.Anniversary_Suite">
    <skipped/>
  </testcase> <!-- FNP_Anniversary_039 -->
  <testcase name="FNP_Anniversary_040" time="0.0" classname="testsuite.Anniversary_Suite">
    <skipped/>
  </testcase> <!-- FNP_Anniversary_040 -->
  <testcase name="FNP_Anniversary_041" time="0.0" classname="testsuite.Anniversary_Suite">
    <skipped/>
  </testcase> <!-- FNP_Anniversary_041 -->
  <testcase name="FNP_Anniversary_042" time="0.001" classname="testsuite.Anniversary_Suite">
    <skipped/>
  </testcase> <!-- FNP_Anniversary_042 -->
</testsuite> <!-- Default test -->
