<?xml version="1.0" encoding="UTF-8"?>
<!-- Generated by org.testng.reporters.JUnitXMLReporter -->
<testsuite hostname="DESKTOP-MBOM5AJ" name="Test" tests="5" failures="0" timestamp="31 Dec 2018 10:12:09 GMT" time="626.793" errors="0">
  <testcase name="fnp_Currency_001" time="31.123" classname="testsuite.Currency_Suite"/>
  <testcase name="fnp_Currency_002" time="46.127" classname="testsuite.Currency_Suite"/>
  <testcase name="fnp_Currency_003" time="138.806" classname="testsuite.Currency_Suite"/>
  <testcase name="fnp_Currency_004" time="195.313" classname="testsuite.Currency_Suite"/>
  <testcase name="fnp_Currency_005" time="204.491" classname="testsuite.Currency_Suite"/>
</testsuite> <!-- Test -->
