<?xml version="1.0" encoding="UTF-8"?>
<!-- Generated by org.testng.reporters.JUnitXMLReporter -->
<testsuite hostname="DESKTOP-MBOM5AJ" name="Test" tests="37" failures="0" timestamp="28 Dec 2018 08:44:56 GMT" time="5508.922" errors="0">
  <testcase name="fnp_Plants002" time="35.288" classname="testsuite.Plants_Suite"/>
  <testcase name="fnp_Plants_003" time="31.96" classname="testsuite.Plants_Suite"/>
  <testcase name="fnp_Plants_004" time="37.218" classname="testsuite.Plants_Suite"/>
  <testcase name="fnp_Plants_005" time="33.073" classname="testsuite.Plants_Suite"/>
  <testcase name="fnp_Plants_006" time="132.216" classname="testsuite.Plants_Suite"/>
  <testcase name="fnp_Plants_007" time="139.712" classname="testsuite.Plants_Suite"/>
  <testcase name="fnp_Plants_008" time="94.609" classname="testsuite.Plants_Suite"/>
  <testcase name="fnp_Plants_009" time="71.414" classname="testsuite.Plants_Suite"/>
  <testcase name="fnp_Plants_010" time="34.335" classname="testsuite.Plants_Suite"/>
  <testcase name="fnp_Plants_011" time="65.364" classname="testsuite.Plants_Suite"/>
  <testcase name="fnp_Plants_012" time="98.991" classname="testsuite.Plants_Suite"/>
  <testcase name="fnp_Plants_013" time="73.048" classname="testsuite.Plants_Suite"/>
  <testcase name="fnp_Plants_014" time="127.876" classname="testsuite.Plants_Suite"/>
  <testcase name="fnp_Plants_015" time="135.106" classname="testsuite.Plants_Suite"/>
  <testcase name="fnp_Plants_016" time="177.577" classname="testsuite.Plants_Suite"/>
  <testcase name="fnp_Plants_017" time="136.572" classname="testsuite.Plants_Suite"/>
  <testcase name="fnp_Plants_018" time="169.015" classname="testsuite.Plants_Suite"/>
  <testcase name="fnp_Plants_019" time="181.032" classname="testsuite.Plants_Suite"/>
  <testcase name="fnp_Plants_020" time="175.589" classname="testsuite.Plants_Suite"/>
  <testcase name="fnp_Plants_021" time="186.262" classname="testsuite.Plants_Suite"/>
  <testcase name="fnp_Plants_022" time="180.218" classname="testsuite.Plants_Suite"/>
  <testcase name="fnp_Plants_023" time="172.574" classname="testsuite.Plants_Suite"/>
  <testcase name="fnp_Plants_024" time="176.231" classname="testsuite.Plants_Suite"/>
  <testcase name="fnp_Plants_025" time="181.468" classname="testsuite.Plants_Suite"/>
  <testcase name="fnp_Plants_026" time="182.632" classname="testsuite.Plants_Suite"/>
  <testcase name="fnp_Plants_027" time="182.519" classname="testsuite.Plants_Suite"/>
  <testcase name="fnp_Plants_028" time="189.962" classname="testsuite.Plants_Suite"/>
  <testcase name="fnp_Plants_029" time="188.802" classname="testsuite.Plants_Suite"/>
  <testcase name="fnp_Plants_030" time="192.492" classname="testsuite.Plants_Suite"/>
  <testcase name="fnp_Plants_031" time="192.179" classname="testsuite.Plants_Suite"/>
  <testcase name="fnp_Plants_032" time="195.728" classname="testsuite.Plants_Suite"/>
  <testcase name="fnp_Plants_033" time="195.328" classname="testsuite.Plants_Suite"/>
  <testcase name="fnp_Plants_034" time="203.784" classname="testsuite.Plants_Suite"/>
  <testcase name="fnp_Plants_035" time="221.139" classname="testsuite.Plants_Suite"/>
  <testcase name="fnp_Plants_036" time="215.325" classname="testsuite.Plants_Suite"/>
  <testcase name="fnp_Plants_037" time="236.499" classname="testsuite.Plants_Suite"/>
  <testcase name="fnp_Plants_038" time="254.346" classname="testsuite.Plants_Suite"/>
</testsuite> <!-- Test -->
