<?xml version="1.0" encoding="UTF-8"?>
<testng-results skipped="0" failed="0" total="41" passed="41">
  <reporter-output>
  </reporter-output>
  <suite name="Anniversary Suite" duration-ms="5986850" started-at="2018-11-24T14:03:33Z" finished-at="2018-11-24T15:43:19Z">
    <groups>
    </groups>
    <test name="Test" duration-ms="5986850" started-at="2018-11-24T14:03:33Z" finished-at="2018-11-24T15:43:19Z">
      <class name="testsuite.Anniversary_Suite">
        <test-method status="PASS" signature="Setup()[pri:0, instance:testsuite.Anniversary_Suite@ea4a92b]" name="Setup" is-config="true" duration-ms="8776" started-at="2018-11-24T19:33:33Z" finished-at="2018-11-24T19:33:41Z">
          <reporter-output>
          </reporter-output>
        </test-method> <!-- Setup -->
        <test-method status="PASS" signature="FNP_Anniversary002()[pri:2, instance:testsuite.Anniversary_Suite@ea4a92b]" name="FNP_Anniversary002" duration-ms="18657" started-at="2018-11-24T19:33:41Z" finished-at="2018-11-24T19:34:00Z">
          <reporter-output>
          </reporter-output>
        </test-method> <!-- FNP_Anniversary002 -->
        <test-method status="PASS" signature="FNP_Anniversary_003(java.lang.String)[pri:3, instance:testsuite.Anniversary_Suite@ea4a92b]" name="FNP_Anniversary_003" duration-ms="33697" started-at="2018-11-24T19:34:00Z" data-provider="FNP_Anniversary_003" finished-at="2018-11-24T19:34:34Z">
          <params>
            <param index="0">
              <value>
                <![CDATA[Beautiful Pink Carnations Bouquet]]>
              </value>
            </param>
          </params>
          <reporter-output>
          </reporter-output>
        </test-method> <!-- FNP_Anniversary_003 -->
        <test-method status="PASS" signature="FNP_Anniversary_004(java.lang.String)[pri:4, instance:testsuite.Anniversary_Suite@ea4a92b]" name="FNP_Anniversary_004" duration-ms="38801" started-at="2018-11-24T19:34:34Z" data-provider="FNP_Anniversary_004" finished-at="2018-11-24T19:35:13Z">
          <params>
            <param index="0">
              <value>
                <![CDATA[Beautiful Pink Carnations Bouquet]]>
              </value>
            </param>
          </params>
          <reporter-output>
          </reporter-output>
        </test-method> <!-- FNP_Anniversary_004 -->
        <test-method status="PASS" signature="FNP_Anniversary_005(java.lang.String)[pri:5, instance:testsuite.Anniversary_Suite@ea4a92b]" name="FNP_Anniversary_005" duration-ms="36109" started-at="2018-11-24T19:35:13Z" data-provider="FNP_Anniversary_005" finished-at="2018-11-24T19:35:49Z">
          <params>
            <param index="0">
              <value>
                <![CDATA[Beautiful Pink Carnations Bouquet]]>
              </value>
            </param>
          </params>
          <reporter-output>
          </reporter-output>
        </test-method> <!-- FNP_Anniversary_005 -->
        <test-method status="PASS" signature="FNP_Anniversary_006(java.lang.String, java.lang.String)[pri:6, instance:testsuite.Anniversary_Suite@ea4a92b]" name="FNP_Anniversary_006" duration-ms="95912" started-at="2018-11-24T19:35:49Z" data-provider="FNP_Anniversary_006" finished-at="2018-11-24T19:37:25Z">
          <params>
            <param index="0">
              <value>
                <![CDATA[Beautiful Pink Carnations Bouquet]]>
              </value>
            </param>
            <param index="1">
              <value>
                <![CDATA[122001]]>
              </value>
            </param>
          </params>
          <reporter-output>
          </reporter-output>
        </test-method> <!-- FNP_Anniversary_006 -->
        <test-method status="PASS" signature="FNP_Anniversary_007(java.lang.String, java.lang.String)[pri:7, instance:testsuite.Anniversary_Suite@ea4a92b]" name="FNP_Anniversary_007" duration-ms="99476" started-at="2018-11-24T19:37:25Z" data-provider="FNP_Anniversary_007" finished-at="2018-11-24T19:39:04Z">
          <params>
            <param index="0">
              <value>
                <![CDATA[Beautiful Pink Carnations Bouquet]]>
              </value>
            </param>
            <param index="1">
              <value>
                <![CDATA[122001]]>
              </value>
            </param>
          </params>
          <reporter-output>
          </reporter-output>
        </test-method> <!-- FNP_Anniversary_007 -->
        <test-method status="PASS" signature="FNP_Anniversary_008(java.lang.String, java.lang.String)[pri:8, instance:testsuite.Anniversary_Suite@ea4a92b]" name="FNP_Anniversary_008" duration-ms="96238" started-at="2018-11-24T19:39:05Z" data-provider="FNP_Anniversary_008" finished-at="2018-11-24T19:40:41Z">
          <params>
            <param index="0">
              <value>
                <![CDATA[Beautiful Pink Carnations Bouquet]]>
              </value>
            </param>
            <param index="1">
              <value>
                <![CDATA[122001]]>
              </value>
            </param>
          </params>
          <reporter-output>
          </reporter-output>
        </test-method> <!-- FNP_Anniversary_008 -->
        <test-method status="PASS" signature="FNP_Anniversary_009(java.lang.String, java.lang.String, java.lang.String, java.lang.String)[pri:9, instance:testsuite.Anniversary_Suite@ea4a92b]" name="FNP_Anniversary_009" duration-ms="74596" started-at="2018-11-24T19:40:41Z" data-provider="FNP_Anniversary_009" finished-at="2018-11-24T19:41:55Z">
          <params>
            <param index="0">
              <value>
                <![CDATA[Beautiful Pink Carnations Bouquet]]>
              </value>
            </param>
            <param index="1">
              <value>
                <![CDATA[122001]]>
              </value>
            </param>
            <param index="2">
              <value>
                <![CDATA[12123121]]>
              </value>
            </param>
            <param index="3">
              <value>
                <![CDATA[122002]]>
              </value>
            </param>
          </params>
          <reporter-output>
          </reporter-output>
        </test-method> <!-- FNP_Anniversary_009 -->
        <test-method status="PASS" signature="FNP_Anniversary_010(java.lang.String, java.lang.String)[pri:10, instance:testsuite.Anniversary_Suite@ea4a92b]" name="FNP_Anniversary_010" duration-ms="75620" started-at="2018-11-24T19:41:55Z" data-provider="FNP_Anniversary_010" finished-at="2018-11-24T19:43:11Z">
          <params>
            <param index="0">
              <value>
                <![CDATA[Beautiful Pink Carnations Bouquet]]>
              </value>
            </param>
            <param index="1">
              <value>
                <![CDATA[122001]]>
              </value>
            </param>
          </params>
          <reporter-output>
          </reporter-output>
        </test-method> <!-- FNP_Anniversary_010 -->
        <test-method status="PASS" signature="FNP_Anniversary_011(java.lang.String)[pri:11, instance:testsuite.Anniversary_Suite@ea4a92b]" name="FNP_Anniversary_011" duration-ms="35760" started-at="2018-11-24T19:43:11Z" data-provider="FNP_Anniversary_011" finished-at="2018-11-24T19:43:47Z">
          <params>
            <param index="0">
              <value>
                <![CDATA[Beautiful Pink Carnations Bouquet]]>
              </value>
            </param>
          </params>
          <reporter-output>
          </reporter-output>
        </test-method> <!-- FNP_Anniversary_011 -->
        <test-method status="PASS" signature="FNP_Anniversary_012(java.lang.String, java.lang.String, java.lang.String)[pri:12, instance:testsuite.Anniversary_Suite@ea4a92b]" name="FNP_Anniversary_012" duration-ms="113124" started-at="2018-11-24T19:43:47Z" data-provider="FNP_Anniversary_012" finished-at="2018-11-24T19:45:40Z">
          <params>
            <param index="0">
              <value>
                <![CDATA[Beautiful Pink Carnations Bouquet]]>
              </value>
            </param>
            <param index="1">
              <value>
                <![CDATA[122001]]>
              </value>
            </param>
            <param index="2">
              <value>
                <![CDATA[Kaju Barfi 500 Gms]]>
              </value>
            </param>
          </params>
          <reporter-output>
          </reporter-output>
        </test-method> <!-- FNP_Anniversary_012 -->
        <test-method status="PASS" signature="FNP_Anniversary_013(java.lang.String, java.lang.String)[pri:13, instance:testsuite.Anniversary_Suite@ea4a92b]" name="FNP_Anniversary_013" duration-ms="45650" started-at="2018-11-24T19:45:40Z" data-provider="FNP_Anniversary_013" finished-at="2018-11-24T19:46:26Z">
          <params>
            <param index="0">
              <value>
                <![CDATA[Beautiful Pink Carnations Bouquet]]>
              </value>
            </param>
            <param index="1">
              <value>
                <![CDATA[12212001]]>
              </value>
            </param>
          </params>
          <reporter-output>
          </reporter-output>
        </test-method> <!-- FNP_Anniversary_013 -->
        <test-method status="PASS" signature="FNP_Anniversary_014(java.lang.String, java.lang.String)[pri:14, instance:testsuite.Anniversary_Suite@ea4a92b]" name="FNP_Anniversary_014" duration-ms="107237" started-at="2018-11-24T19:46:26Z" data-provider="FNP_Anniversary_014" finished-at="2018-11-24T19:48:13Z">
          <params>
            <param index="0">
              <value>
                <![CDATA[Beautiful Pink Carnations Bouquet]]>
              </value>
            </param>
            <param index="1">
              <value>
                <![CDATA[122001]]>
              </value>
            </param>
          </params>
          <reporter-output>
          </reporter-output>
        </test-method> <!-- FNP_Anniversary_014 -->
        <test-method status="PASS" signature="FNP_Anniversary_015(java.lang.String, java.lang.String, java.lang.String)[pri:15, instance:testsuite.Anniversary_Suite@ea4a92b]" name="FNP_Anniversary_015" duration-ms="114990" started-at="2018-11-24T19:48:13Z" data-provider="FNP_Anniversary_015" finished-at="2018-11-24T19:50:08Z">
          <params>
            <param index="0">
              <value>
                <![CDATA[Beautiful Pink Carnations Bouquet]]>
              </value>
            </param>
            <param index="1">
              <value>
                <![CDATA[122001]]>
              </value>
            </param>
            <param index="2">
              <value>
                <![CDATA[Teddy Bear 6 Inches]]>
              </value>
            </param>
          </params>
          <reporter-output>
          </reporter-output>
        </test-method> <!-- FNP_Anniversary_015 -->
        <test-method status="PASS" signature="FNP_Anniversary_016(java.lang.String, java.lang.String, java.lang.String, java.lang.String, java.lang.String, java.lang.String, java.lang.String, java.lang.String)[pri:16, instance:testsuite.Anniversary_Suite@ea4a92b]" name="FNP_Anniversary_016" duration-ms="155866" started-at="2018-11-24T19:50:08Z" data-provider="FNP_Anniversary_016" finished-at="2018-11-24T19:52:44Z">
          <params>
            <param index="0">
              <value>
                <![CDATA[Beautiful Pink Carnations Bouquet]]>
              </value>
            </param>
            <param index="1">
              <value>
                <![CDATA[122001]]>
              </value>
            </param>
            <param index="2">
              <value>
                <![CDATA[Teddy Bear 6 Inches]]>
              </value>
            </param>
            <param index="3">
              <value>
                <![CDATA[test@gmail.com]]>
              </value>
            </param>
            <param index="4">
              <value>
                <![CDATA[Automation]]>
              </value>
            </param>
            <param index="5">
              <value>
                <![CDATA[9978451296]]>
              </value>
            </param>
            <param index="6">
              <value>
                <![CDATA[1234]]>
              </value>
            </param>
            <param index="7">
              <value>
                <![CDATA[test@2018]]>
              </value>
            </param>
          </params>
          <reporter-output>
          </reporter-output>
        </test-method> <!-- FNP_Anniversary_016 -->
        <test-method status="PASS" signature="FNP_Anniversary_017(java.lang.String, java.lang.String, java.lang.String)[pri:17, instance:testsuite.Anniversary_Suite@ea4a92b]" name="FNP_Anniversary_017" duration-ms="116489" started-at="2018-11-24T19:52:44Z" data-provider="FNP_Anniversary_017" finished-at="2018-11-24T19:54:41Z">
          <params>
            <param index="0">
              <value>
                <![CDATA[Beautiful Pink Carnations Bouquet]]>
              </value>
            </param>
            <param index="1">
              <value>
                <![CDATA[122001]]>
              </value>
            </param>
            <param index="2">
              <value>
                <![CDATA[Teddy Bear 6 Inches]]>
              </value>
            </param>
          </params>
          <reporter-output>
          </reporter-output>
        </test-method> <!-- FNP_Anniversary_017 -->
        <test-method status="PASS" signature="FNP_Anniversary_018(java.lang.String, java.lang.String, java.lang.String, java.lang.String, java.lang.String)[pri:18, instance:testsuite.Anniversary_Suite@ea4a92b]" name="FNP_Anniversary_018" duration-ms="153918" started-at="2018-11-24T19:54:41Z" data-provider="FNP_Anniversary_018" finished-at="2018-11-24T19:57:15Z">
          <params>
            <param index="0">
              <value>
                <![CDATA[Beautiful Pink Carnations Bouquet]]>
              </value>
            </param>
            <param index="1">
              <value>
                <![CDATA[122001]]>
              </value>
            </param>
            <param index="2">
              <value>
                <![CDATA[Teddy Bear 6 Inches]]>
              </value>
            </param>
            <param index="3">
              <value>
                <![CDATA[testautomate2020@gmail.com]]>
              </value>
            </param>
            <param index="4">
              <value>
                <![CDATA[test@2018]]>
              </value>
            </param>
          </params>
          <reporter-output>
          </reporter-output>
        </test-method> <!-- FNP_Anniversary_018 -->
        <test-method status="PASS" signature="FNP_Anniversary_019(java.lang.String, java.lang.String, java.lang.String, java.lang.String, java.lang.String)[pri:19, instance:testsuite.Anniversary_Suite@ea4a92b]" name="FNP_Anniversary_019" duration-ms="127975" started-at="2018-11-24T19:57:15Z" data-provider="FNP_Anniversary_019" finished-at="2018-11-24T19:59:23Z">
          <params>
            <param index="0">
              <value>
                <![CDATA[Beautiful Pink Carnations Bouquet]]>
              </value>
            </param>
            <param index="1">
              <value>
                <![CDATA[122001]]>
              </value>
            </param>
            <param index="2">
              <value>
                <![CDATA[Teddy Bear 6 Inches]]>
              </value>
            </param>
            <param index="3">
              <value>
                <![CDATA[testautomate2020@gmail.com]]>
              </value>
            </param>
            <param index="4">
              <value>
                <![CDATA[abc123465]]>
              </value>
            </param>
          </params>
          <reporter-output>
          </reporter-output>
        </test-method> <!-- FNP_Anniversary_019 -->
        <test-method status="PASS" signature="FNP_Anniversary_020(java.lang.String, java.lang.String, java.lang.String, java.lang.String, java.lang.String)[pri:20, instance:testsuite.Anniversary_Suite@ea4a92b]" name="FNP_Anniversary_020" duration-ms="156561" started-at="2018-11-24T19:59:23Z" data-provider="FNP_Anniversary_020" finished-at="2018-11-24T20:01:59Z">
          <params>
            <param index="0">
              <value>
                <![CDATA[Beautiful Pink Carnations Bouquet]]>
              </value>
            </param>
            <param index="1">
              <value>
                <![CDATA[122001]]>
              </value>
            </param>
            <param index="2">
              <value>
                <![CDATA[Teddy Bear 6 Inches]]>
              </value>
            </param>
            <param index="3">
              <value>
                <![CDATA[testautomate2020@gmail.com]]>
              </value>
            </param>
            <param index="4">
              <value>
                <![CDATA[test@2018]]>
              </value>
            </param>
          </params>
          <reporter-output>
          </reporter-output>
        </test-method> <!-- FNP_Anniversary_020 -->
        <test-method status="PASS" signature="FNP_Anniversary_021(java.lang.String, java.lang.String, java.lang.String, java.lang.String, java.lang.String)[pri:21, instance:testsuite.Anniversary_Suite@ea4a92b]" name="FNP_Anniversary_021" duration-ms="178118" started-at="2018-11-24T20:01:59Z" data-provider="FNP_Anniversary_021" finished-at="2018-11-24T20:04:57Z">
          <params>
            <param index="0">
              <value>
                <![CDATA[Beautiful Pink Carnations Bouquet]]>
              </value>
            </param>
            <param index="1">
              <value>
                <![CDATA[122001]]>
              </value>
            </param>
            <param index="2">
              <value>
                <![CDATA[Teddy Bear 6 Inches]]>
              </value>
            </param>
            <param index="3">
              <value>
                <![CDATA[testautomate2020@gmail.com]]>
              </value>
            </param>
            <param index="4">
              <value>
                <![CDATA[test@2018]]>
              </value>
            </param>
          </params>
          <reporter-output>
          </reporter-output>
        </test-method> <!-- FNP_Anniversary_021 -->
        <test-method status="PASS" signature="FNP_Anniversary_022(java.lang.String, java.lang.String, java.lang.String, java.lang.String, java.lang.String)[pri:22, instance:testsuite.Anniversary_Suite@ea4a92b]" name="FNP_Anniversary_022" duration-ms="140507" started-at="2018-11-24T20:04:57Z" data-provider="FNP_Anniversary_022" finished-at="2018-11-24T20:07:18Z">
          <params>
            <param index="0">
              <value>
                <![CDATA[Beautiful Pink Carnations Bouquet]]>
              </value>
            </param>
            <param index="1">
              <value>
                <![CDATA[122001]]>
              </value>
            </param>
            <param index="2">
              <value>
                <![CDATA[Teddy Bear 6 Inches]]>
              </value>
            </param>
            <param index="3">
              <value>
                <![CDATA[testautomate2020@gmail.com]]>
              </value>
            </param>
            <param index="4">
              <value>
                <![CDATA[test@2018]]>
              </value>
            </param>
          </params>
          <reporter-output>
          </reporter-output>
        </test-method> <!-- FNP_Anniversary_022 -->
        <test-method status="PASS" signature="FNP_Anniversary_023(java.lang.String, java.lang.String, java.lang.String, java.lang.String, java.lang.String)[pri:23, instance:testsuite.Anniversary_Suite@ea4a92b]" name="FNP_Anniversary_023" duration-ms="155363" started-at="2018-11-24T20:07:18Z" data-provider="FNP_Anniversary_023" finished-at="2018-11-24T20:09:53Z">
          <params>
            <param index="0">
              <value>
                <![CDATA[Beautiful Pink Carnations Bouquet]]>
              </value>
            </param>
            <param index="1">
              <value>
                <![CDATA[122001]]>
              </value>
            </param>
            <param index="2">
              <value>
                <![CDATA[Teddy Bear 6 Inches]]>
              </value>
            </param>
            <param index="3">
              <value>
                <![CDATA[testautomate2020@gmail.com]]>
              </value>
            </param>
            <param index="4">
              <value>
                <![CDATA[test@2018]]>
              </value>
            </param>
          </params>
          <reporter-output>
          </reporter-output>
        </test-method> <!-- FNP_Anniversary_023 -->
        <test-method status="PASS" signature="FNP_Anniversary_024(java.lang.String, java.lang.String, java.lang.String, java.lang.String, java.lang.String)[pri:24, instance:testsuite.Anniversary_Suite@ea4a92b]" name="FNP_Anniversary_024" duration-ms="161268" started-at="2018-11-24T20:09:53Z" data-provider="FNP_Anniversary_024" finished-at="2018-11-24T20:12:35Z">
          <params>
            <param index="0">
              <value>
                <![CDATA[Beautiful Pink Carnations Bouquet]]>
              </value>
            </param>
            <param index="1">
              <value>
                <![CDATA[122001]]>
              </value>
            </param>
            <param index="2">
              <value>
                <![CDATA[Teddy Bear 6 Inches]]>
              </value>
            </param>
            <param index="3">
              <value>
                <![CDATA[testautomate2020@gmail.com]]>
              </value>
            </param>
            <param index="4">
              <value>
                <![CDATA[test@2018]]>
              </value>
            </param>
          </params>
          <reporter-output>
          </reporter-output>
        </test-method> <!-- FNP_Anniversary_024 -->
        <test-method status="PASS" signature="FNP_Anniversary_025(java.lang.String, java.lang.String, java.lang.String, java.lang.String, java.lang.String, java.lang.String, java.lang.String)[pri:25, instance:testsuite.Anniversary_Suite@ea4a92b]" name="FNP_Anniversary_025" duration-ms="166111" started-at="2018-11-24T20:12:35Z" data-provider="FNP_Anniversary_025" finished-at="2018-11-24T20:15:21Z">
          <params>
            <param index="0">
              <value>
                <![CDATA[Beautiful Pink Carnations Bouquet]]>
              </value>
            </param>
            <param index="1">
              <value>
                <![CDATA[122001]]>
              </value>
            </param>
            <param index="2">
              <value>
                <![CDATA[Teddy Bear 6 Inches]]>
              </value>
            </param>
            <param index="3">
              <value>
                <![CDATA[testautomate2020@gmail.com]]>
              </value>
            </param>
            <param index="4">
              <value>
                <![CDATA[test@2018]]>
              </value>
            </param>
            <param index="5">
              <value>
                <![CDATA[Mr.]]>
              </value>
            </param>
            <param index="6">
              <value>
                <![CDATA[aaaaaaaaaabbbbbbbbbbccccccccccddddddddddeeeeeeeeeeffffffffff]]>
              </value>
            </param>
          </params>
          <reporter-output>
          </reporter-output>
        </test-method> <!-- FNP_Anniversary_025 -->
        <test-method status="PASS" signature="FNP_Anniversary_026(java.lang.String, java.lang.String, java.lang.String, java.lang.String, java.lang.String, java.lang.String, java.lang.String)[pri:26, instance:testsuite.Anniversary_Suite@ea4a92b]" name="FNP_Anniversary_026" duration-ms="167202" started-at="2018-11-24T20:15:21Z" data-provider="FNP_Anniversary_026" finished-at="2018-11-24T20:18:08Z">
          <params>
            <param index="0">
              <value>
                <![CDATA[Beautiful Pink Carnations Bouquet]]>
              </value>
            </param>
            <param index="1">
              <value>
                <![CDATA[122001]]>
              </value>
            </param>
            <param index="2">
              <value>
                <![CDATA[Teddy Bear 6 Inches]]>
              </value>
            </param>
            <param index="3">
              <value>
                <![CDATA[testautomate2020@gmail.com]]>
              </value>
            </param>
            <param index="4">
              <value>
                <![CDATA[test@2018]]>
              </value>
            </param>
            <param index="5">
              <value>
                <![CDATA[Mr.]]>
              </value>
            </param>
            <param index="6">
              <value>
                <![CDATA[test]]>
              </value>
            </param>
          </params>
          <reporter-output>
          </reporter-output>
        </test-method> <!-- FNP_Anniversary_026 -->
        <test-method status="PASS" signature="FNP_Anniversary_027(java.lang.String, java.lang.String, java.lang.String, java.lang.String, java.lang.String, java.lang.String, java.lang.String)[pri:27, instance:testsuite.Anniversary_Suite@ea4a92b]" name="FNP_Anniversary_027" duration-ms="167250" started-at="2018-11-24T20:18:08Z" data-provider="FNP_Anniversary_027" finished-at="2018-11-24T20:20:55Z">
          <params>
            <param index="0">
              <value>
                <![CDATA[Beautiful Pink Carnations Bouquet]]>
              </value>
            </param>
            <param index="1">
              <value>
                <![CDATA[122001]]>
              </value>
            </param>
            <param index="2">
              <value>
                <![CDATA[Teddy Bear 6 Inches]]>
              </value>
            </param>
            <param index="3">
              <value>
                <![CDATA[testautomate2020@gmail.com]]>
              </value>
            </param>
            <param index="4">
              <value>
                <![CDATA[test@2018]]>
              </value>
            </param>
            <param index="5">
              <value>
                <![CDATA[Mr.]]>
              </value>
            </param>
            <param index="6">
              <value>
                <![CDATA[test#!%12]]>
              </value>
            </param>
          </params>
          <reporter-output>
          </reporter-output>
        </test-method> <!-- FNP_Anniversary_027 -->
        <test-method status="PASS" signature="FNP_Anniversary_028(java.lang.String, java.lang.String, java.lang.String, java.lang.String, java.lang.String, java.lang.String, java.lang.String, java.lang.String, java.lang.String, java.lang.String)[pri:28, instance:testsuite.Anniversary_Suite@ea4a92b]" name="FNP_Anniversary_028" duration-ms="186208" started-at="2018-11-24T20:20:56Z" data-provider="FNP_Anniversary_028" finished-at="2018-11-24T20:24:02Z">
          <params>
            <param index="0">
              <value>
                <![CDATA[Beautiful Pink Carnations Bouquet]]>
              </value>
            </param>
            <param index="1">
              <value>
                <![CDATA[122001]]>
              </value>
            </param>
            <param index="2">
              <value>
                <![CDATA[Teddy Bear 6 Inches]]>
              </value>
            </param>
            <param index="3">
              <value>
                <![CDATA[testautomate2020@gmail.com]]>
              </value>
            </param>
            <param index="4">
              <value>
                <![CDATA[test@2018]]>
              </value>
            </param>
            <param index="5">
              <value>
                <![CDATA[Mr.]]>
              </value>
            </param>
            <param index="6">
              <value>
                <![CDATA[test]]>
              </value>
            </param>
            <param index="7">
              <value>
                <![CDATA[Madhapur]]>
              </value>
            </param>
            <param index="8">
              <value>
                <![CDATA[YSR Statue]]>
              </value>
            </param>
            <param index="9">
              <value>
                <![CDATA[8754129856]]>
              </value>
            </param>
          </params>
          <reporter-output>
          </reporter-output>
        </test-method> <!-- FNP_Anniversary_028 -->
        <test-method status="PASS" signature="FNP_Anniversary_029(java.lang.String, java.lang.String, java.lang.String, java.lang.String, java.lang.String, java.lang.String)[pri:29, instance:testsuite.Anniversary_Suite@ea4a92b]" name="FNP_Anniversary_029" duration-ms="165614" started-at="2018-11-24T20:24:02Z" data-provider="FNP_Anniversary_029" finished-at="2018-11-24T20:26:47Z">
          <params>
            <param index="0">
              <value>
                <![CDATA[Beautiful Pink Carnations Bouquet]]>
              </value>
            </param>
            <param index="1">
              <value>
                <![CDATA[122001]]>
              </value>
            </param>
            <param index="2">
              <value>
                <![CDATA[Teddy Bear 6 Inches]]>
              </value>
            </param>
            <param index="3">
              <value>
                <![CDATA[testautomate2020@gmail.com]]>
              </value>
            </param>
            <param index="4">
              <value>
                <![CDATA[test@2018]]>
              </value>
            </param>
            <param index="5">
              <value>
                <![CDATA[s#$%12]]>
              </value>
            </param>
          </params>
          <reporter-output>
          </reporter-output>
        </test-method> <!-- FNP_Anniversary_029 -->
        <test-method status="PASS" signature="FNP_Anniversary_030(java.lang.String, java.lang.String, java.lang.String, java.lang.String, java.lang.String, java.lang.String)[pri:30, instance:testsuite.Anniversary_Suite@ea4a92b]" name="FNP_Anniversary_030" duration-ms="163337" started-at="2018-11-24T20:26:47Z" data-provider="FNP_Anniversary_030" finished-at="2018-11-24T20:29:31Z">
          <params>
            <param index="0">
              <value>
                <![CDATA[Beautiful Pink Carnations Bouquet]]>
              </value>
            </param>
            <param index="1">
              <value>
                <![CDATA[122001]]>
              </value>
            </param>
            <param index="2">
              <value>
                <![CDATA[Teddy Bear 6 Inches]]>
              </value>
            </param>
            <param index="3">
              <value>
                <![CDATA[testautomate2020@gmail.com]]>
              </value>
            </param>
            <param index="4">
              <value>
                <![CDATA[test@2018]]>
              </value>
            </param>
            <param index="5">
              <value>
                <![CDATA[8754129856]]>
              </value>
            </param>
          </params>
          <reporter-output>
          </reporter-output>
        </test-method> <!-- FNP_Anniversary_030 -->
        <test-method status="PASS" signature="FNP_Anniversary_031(java.lang.String, java.lang.String, java.lang.String, java.lang.String, java.lang.String, java.lang.String)[pri:31, instance:testsuite.Anniversary_Suite@ea4a92b]" name="FNP_Anniversary_031" duration-ms="164175" started-at="2018-11-24T20:29:31Z" data-provider="FNP_Anniversary_031" finished-at="2018-11-24T20:32:15Z">
          <params>
            <param index="0">
              <value>
                <![CDATA[Beautiful Pink Carnations Bouquet]]>
              </value>
            </param>
            <param index="1">
              <value>
                <![CDATA[122001]]>
              </value>
            </param>
            <param index="2">
              <value>
                <![CDATA[Teddy Bear 6 Inches]]>
              </value>
            </param>
            <param index="3">
              <value>
                <![CDATA[testautomate2020@gmail.com]]>
              </value>
            </param>
            <param index="4">
              <value>
                <![CDATA[test@2018]]>
              </value>
            </param>
            <param index="5">
              <value>
                <![CDATA[87541]]>
              </value>
            </param>
          </params>
          <reporter-output>
          </reporter-output>
        </test-method> <!-- FNP_Anniversary_031 -->
        <test-method status="PASS" signature="FNP_Anniversary_032(java.lang.String, java.lang.String, java.lang.String, java.lang.String, java.lang.String, java.lang.String, java.lang.String, java.lang.String, java.lang.String, java.lang.String, java.lang.String)[pri:32, instance:testsuite.Anniversary_Suite@ea4a92b]" name="FNP_Anniversary_032" duration-ms="183102" started-at="2018-11-24T20:32:15Z" data-provider="FNP_Anniversary_032" finished-at="2018-11-24T20:35:18Z">
          <params>
            <param index="0">
              <value>
                <![CDATA[Beautiful Pink Carnations Bouquet]]>
              </value>
            </param>
            <param index="1">
              <value>
                <![CDATA[122001]]>
              </value>
            </param>
            <param index="2">
              <value>
                <![CDATA[Teddy Bear 6 Inches]]>
              </value>
            </param>
            <param index="3">
              <value>
                <![CDATA[testautomate2020@gmail.com]]>
              </value>
            </param>
            <param index="4">
              <value>
                <![CDATA[test@2018]]>
              </value>
            </param>
            <param index="5">
              <value>
                <![CDATA[Mr.]]>
              </value>
            </param>
            <param index="6">
              <value>
                <![CDATA[test]]>
              </value>
            </param>
            <param index="7">
              <value>
                <![CDATA[Madhapur]]>
              </value>
            </param>
            <param index="8">
              <value>
                <![CDATA[YSR Statue]]>
              </value>
            </param>
            <param index="9">
              <value>
                <![CDATA[8754129856]]>
              </value>
            </param>
            <param index="10">
              <value>
                <![CDATA[test@gmail.com]]>
              </value>
            </param>
          </params>
          <reporter-output>
          </reporter-output>
        </test-method> <!-- FNP_Anniversary_032 -->
        <test-method status="PASS" signature="FNP_Anniversary_033(java.lang.String, java.lang.String, java.lang.String, java.lang.String, java.lang.String, java.lang.String, java.lang.String, java.lang.String, java.lang.String, java.lang.String, java.lang.String)[pri:33, instance:testsuite.Anniversary_Suite@ea4a92b]" name="FNP_Anniversary_033" duration-ms="185549" started-at="2018-11-24T20:35:18Z" data-provider="FNP_Anniversary_033" finished-at="2018-11-24T20:38:24Z">
          <params>
            <param index="0">
              <value>
                <![CDATA[Beautiful Pink Carnations Bouquet]]>
              </value>
            </param>
            <param index="1">
              <value>
                <![CDATA[122001]]>
              </value>
            </param>
            <param index="2">
              <value>
                <![CDATA[Teddy Bear 6 Inches]]>
              </value>
            </param>
            <param index="3">
              <value>
                <![CDATA[testautomate2020@gmail.com]]>
              </value>
            </param>
            <param index="4">
              <value>
                <![CDATA[test@2018]]>
              </value>
            </param>
            <param index="5">
              <value>
                <![CDATA[Mr.]]>
              </value>
            </param>
            <param index="6">
              <value>
                <![CDATA[S#%$#]]>
              </value>
            </param>
            <param index="7">
              <value>
                <![CDATA[M&%&*^%123]]>
              </value>
            </param>
            <param index="8">
              <value>
                <![CDATA[HJG$%^$]]>
              </value>
            </param>
            <param index="9">
              <value>
                <![CDATA[87541]]>
              </value>
            </param>
            <param index="10">
              <value>
                <![CDATA[tgmail.com]]>
              </value>
            </param>
          </params>
          <reporter-output>
          </reporter-output>
        </test-method> <!-- FNP_Anniversary_033 -->
        <test-method status="PASS" signature="FNP_Anniversary_034(java.lang.String, java.lang.String, java.lang.String, java.lang.String, java.lang.String, java.lang.String, java.lang.String, java.lang.String, java.lang.String, java.lang.String, java.lang.String, java.lang.String)[pri:34, instance:testsuite.Anniversary_Suite@ea4a92b]" name="FNP_Anniversary_034" duration-ms="201157" started-at="2018-11-24T20:38:24Z" data-provider="FNP_Anniversary_034" finished-at="2018-11-24T20:41:45Z">
          <params>
            <param index="0">
              <value>
                <![CDATA[Beautiful Pink Carnations Bouquet]]>
              </value>
            </param>
            <param index="1">
              <value>
                <![CDATA[122001]]>
              </value>
            </param>
            <param index="2">
              <value>
                <![CDATA[Teddy Bear 6 Inches]]>
              </value>
            </param>
            <param index="3">
              <value>
                <![CDATA[testautomate2020@gmail.com]]>
              </value>
            </param>
            <param index="4">
              <value>
                <![CDATA[test@2018]]>
              </value>
            </param>
            <param index="5">
              <value>
                <![CDATA[Mr.]]>
              </value>
            </param>
            <param index="6">
              <value>
                <![CDATA[test]]>
              </value>
            </param>
            <param index="7">
              <value>
                <![CDATA[Madhapur]]>
              </value>
            </param>
            <param index="8">
              <value>
                <![CDATA[YSR Statue]]>
              </value>
            </param>
            <param index="9">
              <value>
                <![CDATA[8754129856]]>
              </value>
            </param>
            <param index="10">
              <value>
                <![CDATA[test2]]>
              </value>
            </param>
            <param index="11">
              <value>
                <![CDATA[7788996655]]>
              </value>
            </param>
          </params>
          <reporter-output>
          </reporter-output>
        </test-method> <!-- FNP_Anniversary_034 -->
        <test-method status="PASS" signature="FNP_Anniversary_035(java.lang.String, java.lang.String, java.lang.String, java.lang.String, java.lang.String, java.lang.String, java.lang.String, java.lang.String, java.lang.String, java.lang.String)[pri:35, instance:testsuite.Anniversary_Suite@ea4a92b]" name="FNP_Anniversary_035" duration-ms="199247" started-at="2018-11-24T20:41:45Z" data-provider="FNP_Anniversary_035" finished-at="2018-11-24T20:45:04Z">
          <params>
            <param index="0">
              <value>
                <![CDATA[Beautiful Pink Carnations Bouquet]]>
              </value>
            </param>
            <param index="1">
              <value>
                <![CDATA[122001]]>
              </value>
            </param>
            <param index="2">
              <value>
                <![CDATA[Teddy Bear 6 Inches]]>
              </value>
            </param>
            <param index="3">
              <value>
                <![CDATA[testautomate2020@gmail.com]]>
              </value>
            </param>
            <param index="4">
              <value>
                <![CDATA[test@2018]]>
              </value>
            </param>
            <param index="5">
              <value>
                <![CDATA[Mr.]]>
              </value>
            </param>
            <param index="6">
              <value>
                <![CDATA[test]]>
              </value>
            </param>
            <param index="7">
              <value>
                <![CDATA[Madhapur]]>
              </value>
            </param>
            <param index="8">
              <value>
                <![CDATA[YSR Statue]]>
              </value>
            </param>
            <param index="9">
              <value>
                <![CDATA[8754129856]]>
              </value>
            </param>
          </params>
          <reporter-output>
          </reporter-output>
        </test-method> <!-- FNP_Anniversary_035 -->
        <test-method status="PASS" signature="FNP_Anniversary_036(java.lang.String, java.lang.String, java.lang.String, java.lang.String, java.lang.String, java.lang.String, java.lang.String, java.lang.String, java.lang.String, java.lang.String, java.lang.String, java.lang.String)[pri:36, instance:testsuite.Anniversary_Suite@ea4a92b]" name="FNP_Anniversary_036" duration-ms="220507" started-at="2018-11-24T20:45:04Z" data-provider="FNP_Anniversary_036" finished-at="2018-11-24T20:48:45Z">
          <params>
            <param index="0">
              <value>
                <![CDATA[Beautiful Pink Carnations Bouquet]]>
              </value>
            </param>
            <param index="1">
              <value>
                <![CDATA[122001]]>
              </value>
            </param>
            <param index="2">
              <value>
                <![CDATA[Teddy Bear 6 Inches]]>
              </value>
            </param>
            <param index="3">
              <value>
                <![CDATA[testautomate2020@gmail.com]]>
              </value>
            </param>
            <param index="4">
              <value>
                <![CDATA[test@2018]]>
              </value>
            </param>
            <param index="5">
              <value>
                <![CDATA[Mr.]]>
              </value>
            </param>
            <param index="6">
              <value>
                <![CDATA[test]]>
              </value>
            </param>
            <param index="7">
              <value>
                <![CDATA[Madhapur]]>
              </value>
            </param>
            <param index="8">
              <value>
                <![CDATA[YSR Statue]]>
              </value>
            </param>
            <param index="9">
              <value>
                <![CDATA[8754129856]]>
              </value>
            </param>
            <param index="10">
              <value>
                <![CDATA[Birthday]]>
              </value>
            </param>
            <param index="11">
              <value>
                <![CDATA[Birthdays are the perfect time to create memories of a lifetime! Wishing you happy moments and blessings on your special day! Happy Birthday]]>
              </value>
            </param>
          </params>
          <reporter-output>
          </reporter-output>
        </test-method> <!-- FNP_Anniversary_036 -->
        <test-method status="PASS" signature="FNP_Anniversary_037(java.lang.String, java.lang.String, java.lang.String, java.lang.String, java.lang.String, java.lang.String, java.lang.String, java.lang.String, java.lang.String, java.lang.String, java.lang.String, java.lang.String)[pri:37, instance:testsuite.Anniversary_Suite@ea4a92b]" name="FNP_Anniversary_037" duration-ms="228438" started-at="2018-11-24T20:48:45Z" data-provider="FNP_Anniversary_037" finished-at="2018-11-24T20:52:33Z">
          <params>
            <param index="0">
              <value>
                <![CDATA[Beautiful Pink Carnations Bouquet]]>
              </value>
            </param>
            <param index="1">
              <value>
                <![CDATA[122001]]>
              </value>
            </param>
            <param index="2">
              <value>
                <![CDATA[Teddy Bear 6 Inches]]>
              </value>
            </param>
            <param index="3">
              <value>
                <![CDATA[testautomate2020@gmail.com]]>
              </value>
            </param>
            <param index="4">
              <value>
                <![CDATA[test@2018]]>
              </value>
            </param>
            <param index="5">
              <value>
                <![CDATA[Mr.]]>
              </value>
            </param>
            <param index="6">
              <value>
                <![CDATA[test]]>
              </value>
            </param>
            <param index="7">
              <value>
                <![CDATA[Madhapur]]>
              </value>
            </param>
            <param index="8">
              <value>
                <![CDATA[YSR Statue]]>
              </value>
            </param>
            <param index="9">
              <value>
                <![CDATA[8754129856]]>
              </value>
            </param>
            <param index="10">
              <value>
                <![CDATA[Birthday]]>
              </value>
            </param>
            <param index="11">
              <value>
                <![CDATA[Birthdays are the perfect time to create memories of a lifetime! Wishing you happy moments and blessings on your special day! Happy Birthday]]>
              </value>
            </param>
          </params>
          <reporter-output>
          </reporter-output>
        </test-method> <!-- FNP_Anniversary_037 -->
        <test-method status="PASS" signature="FNP_Anniversary_038(java.lang.String, java.lang.String, java.lang.String, java.lang.String, java.lang.String, java.lang.String, java.lang.String, java.lang.String, java.lang.String, java.lang.String, java.lang.String, java.lang.String)[pri:38, instance:testsuite.Anniversary_Suite@ea4a92b]" name="FNP_Anniversary_038" duration-ms="236604" started-at="2018-11-24T20:52:34Z" data-provider="FNP_Anniversary_038" finished-at="2018-11-24T20:56:30Z">
          <params>
            <param index="0">
              <value>
                <![CDATA[Beautiful Pink Carnations Bouquet]]>
              </value>
            </param>
            <param index="1">
              <value>
                <![CDATA[122001]]>
              </value>
            </param>
            <param index="2">
              <value>
                <![CDATA[Teddy Bear 6 Inches]]>
              </value>
            </param>
            <param index="3">
              <value>
                <![CDATA[testautomate2020@gmail.com]]>
              </value>
            </param>
            <param index="4">
              <value>
                <![CDATA[test@2018]]>
              </value>
            </param>
            <param index="5">
              <value>
                <![CDATA[Mr.]]>
              </value>
            </param>
            <param index="6">
              <value>
                <![CDATA[test]]>
              </value>
            </param>
            <param index="7">
              <value>
                <![CDATA[Madhapur]]>
              </value>
            </param>
            <param index="8">
              <value>
                <![CDATA[YSR Statue]]>
              </value>
            </param>
            <param index="9">
              <value>
                <![CDATA[8754129856]]>
              </value>
            </param>
            <param index="10">
              <value>
                <![CDATA[Birthday]]>
              </value>
            </param>
            <param index="11">
              <value>
                <![CDATA[Birthdays are the perfect time to create memories of a lifetime! Wishing you happy moments and blessings on your special day! Happy Birthday]]>
              </value>
            </param>
          </params>
          <reporter-output>
          </reporter-output>
        </test-method> <!-- FNP_Anniversary_038 -->
        <test-method status="PASS" signature="FNP_Anniversary_039(java.lang.String, java.lang.String, java.lang.String, java.lang.String, java.lang.String, java.lang.String, java.lang.String, java.lang.String, java.lang.String, java.lang.String, java.lang.String, java.lang.String)[pri:39, instance:testsuite.Anniversary_Suite@ea4a92b]" name="FNP_Anniversary_039" duration-ms="238058" started-at="2018-11-24T20:56:30Z" data-provider="FNP_Anniversary_039" finished-at="2018-11-24T21:00:28Z">
          <params>
            <param index="0">
              <value>
                <![CDATA[Beautiful Pink Carnations Bouquet]]>
              </value>
            </param>
            <param index="1">
              <value>
                <![CDATA[122001]]>
              </value>
            </param>
            <param index="2">
              <value>
                <![CDATA[Teddy Bear 6 Inches]]>
              </value>
            </param>
            <param index="3">
              <value>
                <![CDATA[testautomate2020@gmail.com]]>
              </value>
            </param>
            <param index="4">
              <value>
                <![CDATA[test@2018]]>
              </value>
            </param>
            <param index="5">
              <value>
                <![CDATA[Mr.]]>
              </value>
            </param>
            <param index="6">
              <value>
                <![CDATA[test]]>
              </value>
            </param>
            <param index="7">
              <value>
                <![CDATA[Madhapur]]>
              </value>
            </param>
            <param index="8">
              <value>
                <![CDATA[YSR Statue]]>
              </value>
            </param>
            <param index="9">
              <value>
                <![CDATA[8754129856]]>
              </value>
            </param>
            <param index="10">
              <value>
                <![CDATA[Birthday]]>
              </value>
            </param>
            <param index="11">
              <value>
                <![CDATA[Birthdays are the perfect time to create memories of a lifetime! Wishing you happy moments and blessings on your special day! Happy Birthday]]>
              </value>
            </param>
          </params>
          <reporter-output>
          </reporter-output>
        </test-method> <!-- FNP_Anniversary_039 -->
        <test-method status="PASS" signature="FNP_Anniversary_040(java.lang.String, java.lang.String, java.lang.String, java.lang.String, java.lang.String, java.lang.String, java.lang.String, java.lang.String, java.lang.String, java.lang.String, java.lang.String, java.lang.String)[pri:40, instance:testsuite.Anniversary_Suite@ea4a92b]" name="FNP_Anniversary_040" duration-ms="235253" started-at="2018-11-24T21:00:28Z" data-provider="FNP_Anniversary_040" finished-at="2018-11-24T21:04:24Z">
          <params>
            <param index="0">
              <value>
                <![CDATA[Beautiful Pink Carnations Bouquet]]>
              </value>
            </param>
            <param index="1">
              <value>
                <![CDATA[122001]]>
              </value>
            </param>
            <param index="2">
              <value>
                <![CDATA[Teddy Bear 6 Inches]]>
              </value>
            </param>
            <param index="3">
              <value>
                <![CDATA[testautomate2020@gmail.com]]>
              </value>
            </param>
            <param index="4">
              <value>
                <![CDATA[test@2018]]>
              </value>
            </param>
            <param index="5">
              <value>
                <![CDATA[Mr.]]>
              </value>
            </param>
            <param index="6">
              <value>
                <![CDATA[test]]>
              </value>
            </param>
            <param index="7">
              <value>
                <![CDATA[Madhapur]]>
              </value>
            </param>
            <param index="8">
              <value>
                <![CDATA[YSR Statue]]>
              </value>
            </param>
            <param index="9">
              <value>
                <![CDATA[8754129856]]>
              </value>
            </param>
            <param index="10">
              <value>
                <![CDATA[Birthday]]>
              </value>
            </param>
            <param index="11">
              <value>
                <![CDATA[Birthdays are the perfect time to create memories of a lifetime! Wishing you happy moments and blessings on your special day! Happy Birthday]]>
              </value>
            </param>
          </params>
          <reporter-output>
          </reporter-output>
        </test-method> <!-- FNP_Anniversary_040 -->
        <test-method status="PASS" signature="FNP_Anniversary_041(java.lang.String, java.lang.String, java.lang.String, java.lang.String, java.lang.String, java.lang.String, java.lang.String, java.lang.String, java.lang.String, java.lang.String, java.lang.String, java.lang.String, java.lang.String, java.lang.String, java.lang.String, java.lang.String, java.lang.String)[pri:41, instance:testsuite.Anniversary_Suite@ea4a92b]" name="FNP_Anniversary_041" duration-ms="263345" started-at="2018-11-24T21:04:24Z" data-provider="FNP_Anniversary_041" finished-at="2018-11-24T21:08:47Z">
          <params>
            <param index="0">
              <value>
                <![CDATA[Beautiful Pink Carnations Bouquet]]>
              </value>
            </param>
            <param index="1">
              <value>
                <![CDATA[122001]]>
              </value>
            </param>
            <param index="2">
              <value>
                <![CDATA[Teddy Bear 6 Inches]]>
              </value>
            </param>
            <param index="3">
              <value>
                <![CDATA[testautomate2020@gmail.com]]>
              </value>
            </param>
            <param index="4">
              <value>
                <![CDATA[test@2018]]>
              </value>
            </param>
            <param index="5">
              <value>
                <![CDATA[Mr.]]>
              </value>
            </param>
            <param index="6">
              <value>
                <![CDATA[test]]>
              </value>
            </param>
            <param index="7">
              <value>
                <![CDATA[Madhapur]]>
              </value>
            </param>
            <param index="8">
              <value>
                <![CDATA[YSR Statue]]>
              </value>
            </param>
            <param index="9">
              <value>
                <![CDATA[8754129856]]>
              </value>
            </param>
            <param index="10">
              <value>
                <![CDATA[Birthday]]>
              </value>
            </param>
            <param index="11">
              <value>
                <![CDATA[Birthdays are the perfect time to create memories of a lifetime! Wishing you happy moments and blessings on your special day! Happy Birthday]]>
              </value>
            </param>
            <param index="12">
              <value>
                <![CDATA[112233445]]>
              </value>
            </param>
            <param index="13">
              <value>
                <![CDATA[test]]>
              </value>
            </param>
            <param index="14">
              <value>
                <![CDATA[12]]>
              </value>
            </param>
            <param index="15">
              <value>
                <![CDATA[2020]]>
              </value>
            </param>
            <param index="16">
              <value>
                <![CDATA[546]]>
              </value>
            </param>
          </params>
          <reporter-output>
          </reporter-output>
        </test-method> <!-- FNP_Anniversary_041 -->
        <test-method status="PASS" signature="FNP_Anniversary_042(java.lang.String, java.lang.String, java.lang.String, java.lang.String, java.lang.String, java.lang.String, java.lang.String, java.lang.String, java.lang.String, java.lang.String, java.lang.String, java.lang.String, java.lang.String, java.lang.String, java.lang.String, java.lang.String, java.lang.String)[pri:42, instance:testsuite.Anniversary_Suite@ea4a92b]" name="FNP_Anniversary_042" duration-ms="271013" started-at="2018-11-24T21:08:47Z" data-provider="FNP_Anniversary_042" finished-at="2018-11-24T21:13:18Z">
          <params>
            <param index="0">
              <value>
                <![CDATA[Beautiful Pink Carnations Bouquet]]>
              </value>
            </param>
            <param index="1">
              <value>
                <![CDATA[122001]]>
              </value>
            </param>
            <param index="2">
              <value>
                <![CDATA[Teddy Bear 6 Inches]]>
              </value>
            </param>
            <param index="3">
              <value>
                <![CDATA[testautomate2020@gmail.com]]>
              </value>
            </param>
            <param index="4">
              <value>
                <![CDATA[test@2018]]>
              </value>
            </param>
            <param index="5">
              <value>
                <![CDATA[Mr.]]>
              </value>
            </param>
            <param index="6">
              <value>
                <![CDATA[test]]>
              </value>
            </param>
            <param index="7">
              <value>
                <![CDATA[Madhapur]]>
              </value>
            </param>
            <param index="8">
              <value>
                <![CDATA[YSR Statue]]>
              </value>
            </param>
            <param index="9">
              <value>
                <![CDATA[8754129856]]>
              </value>
            </param>
            <param index="10">
              <value>
                <![CDATA[Birthday]]>
              </value>
            </param>
            <param index="11">
              <value>
                <![CDATA[Birthdays are the perfect time to create memories of a lifetime! Wishing you happy moments and blessings on your special day! Happy Birthday]]>
              </value>
            </param>
            <param index="12">
              <value>
                <![CDATA[5123456789012340]]>
              </value>
            </param>
            <param index="13">
              <value>
                <![CDATA[test]]>
              </value>
            </param>
            <param index="14">
              <value>
                <![CDATA[05]]>
              </value>
            </param>
            <param index="15">
              <value>
                <![CDATA[2020]]>
              </value>
            </param>
            <param index="16">
              <value>
                <![CDATA[123]]>
              </value>
            </param>
          </params>
          <reporter-output>
          </reporter-output>
        </test-method> <!-- FNP_Anniversary_042 -->
        <test-method status="PASS" signature="tearDown()[pri:0, instance:testsuite.Anniversary_Suite@ea4a92b]" name="tearDown" is-config="true" duration-ms="1328" started-at="2018-11-24T21:13:18Z" finished-at="2018-11-24T21:13:19Z">
          <reporter-output>
          </reporter-output>
        </test-method> <!-- tearDown -->
      </class> <!-- testsuite.Anniversary_Suite -->
    </test> <!-- Test -->
  </suite> <!-- Anniversary Suite -->
</testng-results>
