<?xml version="1.0" encoding="UTF-8"?>
<testng-results skipped="0" failed="0" total="1" passed="1">
  <reporter-output>
  </reporter-output>
  <suite name="Default suite" duration-ms="91393" started-at="2019-08-10T05:00:43Z" finished-at="2019-08-10T05:02:15Z">
    <groups>
    </groups>
    <test name="Default test" duration-ms="91393" started-at="2019-08-10T05:00:43Z" finished-at="2019-08-10T05:02:15Z">
      <class name="testsuite.Amazon_Suite">
        <test-method status="PASS" signature="Setup()[pri:0, instance:testsuite.Amazon_Suite@64bfbc86]" name="Setup" is-config="true" duration-ms="7744" started-at="2019-08-10T10:30:43Z" finished-at="2019-08-10T10:30:51Z">
          <reporter-output>
          </reporter-output>
        </test-method> <!-- Setup -->
        <test-method status="PASS" signature="amazonProductPriceValidation(java.lang.String, java.lang.String, java.lang.String)[pri:1, instance:testsuite.Amazon_Suite@64bfbc86]" name="amazonProductPriceValidation" duration-ms="81984" started-at="2019-08-10T10:30:51Z" data-provider="testData" finished-at="2019-08-10T10:32:13Z">
          <params>
            <param index="0">
              <value>
                <![CDATA[Samsung Galaxy S10 Plus]]>
              </value>
            </param>
            <param index="1">
              <value>
                <![CDATA[7032997266]]>
              </value>
            </param>
            <param index="2">
              <value>
                <![CDATA[$@!kumarReddy]]>
              </value>
            </param>
          </params>
          <reporter-output>
          </reporter-output>
        </test-method> <!-- amazonProductPriceValidation -->
        <test-method status="PASS" signature="tearDown()[pri:0, instance:testsuite.Amazon_Suite@64bfbc86]" name="tearDown" is-config="true" duration-ms="1435" started-at="2019-08-10T10:32:13Z" finished-at="2019-08-10T10:32:15Z">
          <reporter-output>
          </reporter-output>
        </test-method> <!-- tearDown -->
      </class> <!-- testsuite.Amazon_Suite -->
    </test> <!-- Default test -->
  </suite> <!-- Default suite -->
</testng-results>
