<?xml version="1.0" encoding="UTF-8"?>
<!-- Generated by org.testng.reporters.JUnitReportReporter -->
<testsuite hostname="DESKTOP-MBOM5AJ" name="testsuite.Regression_Suite" tests="6" failures="0" timestamp="17 Jan 2019 11:22:23 GMT" time="1334.357" errors="0">
  <testcase name="fnp_Regression_004" time="238.715" classname="testsuite.Regression_Suite"/>
  <testcase name="fnp_Regression_005" time="223.484" classname="testsuite.Regression_Suite"/>
  <testcase name="fnp_Regression_008" time="87.508" classname="testsuite.Regression_Suite"/>
  <testcase name="fnp_Regression_007" time="299.984" classname="testsuite.Regression_Suite"/>
  <testcase name="fnp_Regression_003" time="229.319" classname="testsuite.Regression_Suite"/>
  <testcase name="fnp_Regression_006" time="255.347" classname="testsuite.Regression_Suite"/>
</testsuite> <!-- testsuite.Regression_Suite -->
